[2021-03-24 04:57:16] local.ERROR: Please provide a valid cache path. {"exception":"[object] (InvalidArgumentException(code: 0): Please provide a valid cache path. at /var/www/html/vue-laravel/learn-vue/vendor/laravel/framework/src/Illuminate/View/Compilers/Compiler.php:36)
[stacktrace]
#0 /var/www/html/vue-laravel/learn-vue/vendor/laravel/framework/src/Illuminate/View/ViewServiceProvider.php(88): Illuminate\\View\\Compilers\\Compiler->__construct()
#1 /var/www/html/vue-laravel/learn-vue/vendor/laravel/framework/src/Illuminate/Container/Container.php(829): Illuminate\\View\\ViewServiceProvider->Illuminate\\View\\{closure}()
#2 /var/www/html/vue-laravel/learn-vue/vendor/laravel/framework/src/Illuminate/Container/Container.php(714): Illuminate\\Container\\Container->build()
#3 /var/www/html/vue-laravel/learn-vue/vendor/laravel/framework/src/Illuminate/Foundation/Application.php(841): Illuminate\\Container\\Container->resolve()
#4 /var/www/html/vue-laravel/learn-vue/vendor/laravel/framework/src/Illuminate/Container/Container.php(652): Illuminate\\Foundation\\Application->resolve()
#5 /var/www/html/vue-laravel/learn-vue/vendor/laravel/framework/src/Illuminate/Foundation/Application.php(826): Illuminate\\Container\\Container->make()
#6 /var/www/html/vue-laravel/learn-vue/vendor/laravel/framework/src/Illuminate/Container/Container.php(1365): Illuminate\\Foundation\\Application->make()
#7 /var/www/html/vue-laravel/learn-vue/vendor/laravel/framework/src/Illuminate/View/ViewServiceProvider.php(150): Illuminate\\Container\\Container->offsetGet()
#8 [internal function]: Illuminate\\View\\ViewServiceProvider->Illuminate\\View\\{closure}()
#9 /var/www/html/vue-laravel/learn-vue/vendor/laravel/framework/src/Illuminate/View/Engines/EngineResolver.php(55): call_user_func()
#10 /var/www/html/vue-laravel/learn-vue/vendor/facade/ignition/src/IgnitionServiceProvider.php(415): Illuminate\\View\\Engines\\EngineResolver->resolve()
#11 /var/www/html/vue-laravel/learn-vue/vendor/facade/ignition/src/IgnitionServiceProvider.php(138): Facade\\Ignition\\IgnitionServiceProvider->hasCustomViewEnginesRegistered()
#12 /var/www/html/vue-laravel/learn-vue/vendor/facade/ignition/src/IgnitionServiceProvider.php(88): Facade\\Ignition\\IgnitionServiceProvider->registerViewEngines()
#13 /var/www/html/vue-laravel/learn-vue/vendor/laravel/framework/src/Illuminate/Container/BoundMethod.php(36): Facade\\Ignition\\IgnitionServiceProvider->boot()
#14 /var/www/html/vue-laravel/learn-vue/vendor/laravel/framework/src/Illuminate/Container/Util.php(40): Illuminate\\Container\\BoundMethod::Illuminate\\Container\\{closure}()
#15 /var/www/html/vue-laravel/learn-vue/vendor/laravel/framework/src/Illuminate/Container/BoundMethod.php(93): Illuminate\\Container\\Util::unwrapIfClosure()
#16 /var/www/html/vue-laravel/learn-vue/vendor/laravel/framework/src/Illuminate/Container/BoundMethod.php(37): Illuminate\\Container\\BoundMethod::callBoundMethod()
#17 /var/www/html/vue-laravel/learn-vue/vendor/laravel/framework/src/Illuminate/Container/Container.php(611): Illuminate\\Container\\BoundMethod::call()
#18 /var/www/html/vue-laravel/learn-vue/vendor/laravel/framework/src/Illuminate/Foundation/Application.php(914): Illuminate\\Container\\Container->call()
#19 /var/www/html/vue-laravel/learn-vue/vendor/laravel/framework/src/Illuminate/Foundation/Application.php(895): Illuminate\\Foundation\\Application->bootProvider()
#20 [internal function]: Illuminate\\Foundation\\Application->Illuminate\\Foundation\\{closure}()
#21 /var/www/html/vue-laravel/learn-vue/vendor/laravel/framework/src/Illuminate/Foundation/Application.php(896): array_walk()
#22 /var/www/html/vue-laravel/learn-vue/vendor/laravel/framework/src/Illuminate/Foundation/Bootstrap/BootProviders.php(17): Illuminate\\Foundation\\Application->boot()
#23 /var/www/html/vue-laravel/learn-vue/vendor/laravel/framework/src/Illuminate/Foundation/Application.php(237): Illuminate\\Foundation\\Bootstrap\\BootProviders->bootstrap()
#24 /var/www/html/vue-laravel/learn-vue/vendor/laravel/framework/src/Illuminate/Foundation/Console/Kernel.php(310): Illuminate\\Foundation\\Application->bootstrapWith()
#25 /var/www/html/vue-laravel/learn-vue/vendor/laravel/framework/src/Illuminate/Foundation/Console/Kernel.php(127): Illuminate\\Foundation\\Console\\Kernel->bootstrap()
#26 /var/www/html/vue-laravel/learn-vue/artisan(37): Illuminate\\Foundation\\Console\\Kernel->handle()
#27 {main}
"} 
[2021-03-24 04:58:00] local.ERROR: Please provide a valid cache path. {"exception":"[object] (InvalidArgumentException(code: 0): Please provide a valid cache path. at /var/www/html/vue-laravel/learn-vue/vendor/laravel/framework/src/Illuminate/View/Compilers/Compiler.php:36)
[stacktrace]
#0 /var/www/html/vue-laravel/learn-vue/vendor/laravel/framework/src/Illuminate/View/ViewServiceProvider.php(88): Illuminate\\View\\Compilers\\Compiler->__construct()
#1 /var/www/html/vue-laravel/learn-vue/vendor/laravel/framework/src/Illuminate/Container/Container.php(829): Illuminate\\View\\ViewServiceProvider->Illuminate\\View\\{closure}()
#2 /var/www/html/vue-laravel/learn-vue/vendor/laravel/framework/src/Illuminate/Container/Container.php(714): Illuminate\\Container\\Container->build()
#3 /var/www/html/vue-laravel/learn-vue/vendor/laravel/framework/src/Illuminate/Foundation/Application.php(841): Illuminate\\Container\\Container->resolve()
#4 /var/www/html/vue-laravel/learn-vue/vendor/laravel/framework/src/Illuminate/Container/Container.php(652): Illuminate\\Foundation\\Application->resolve()
#5 /var/www/html/vue-laravel/learn-vue/vendor/laravel/framework/src/Illuminate/Foundation/Application.php(826): Illuminate\\Container\\Container->make()
#6 /var/www/html/vue-laravel/learn-vue/vendor/laravel/framework/src/Illuminate/Container/Container.php(1365): Illuminate\\Foundation\\Application->make()
#7 /var/www/html/vue-laravel/learn-vue/vendor/laravel/framework/src/Illuminate/View/ViewServiceProvider.php(150): Illuminate\\Container\\Container->offsetGet()
#8 [internal function]: Illuminate\\View\\ViewServiceProvider->Illuminate\\View\\{closure}()
#9 /var/www/html/vue-laravel/learn-vue/vendor/laravel/framework/src/Illuminate/View/Engines/EngineResolver.php(55): call_user_func()
#10 /var/www/html/vue-laravel/learn-vue/vendor/facade/ignition/src/IgnitionServiceProvider.php(415): Illuminate\\View\\Engines\\EngineResolver->resolve()
#11 /var/www/html/vue-laravel/learn-vue/vendor/facade/ignition/src/IgnitionServiceProvider.php(138): Facade\\Ignition\\IgnitionServiceProvider->hasCustomViewEnginesRegistered()
#12 /var/www/html/vue-laravel/learn-vue/vendor/facade/ignition/src/IgnitionServiceProvider.php(88): Facade\\Ignition\\IgnitionServiceProvider->registerViewEngines()
#13 /var/www/html/vue-laravel/learn-vue/vendor/laravel/framework/src/Illuminate/Container/BoundMethod.php(36): Facade\\Ignition\\IgnitionServiceProvider->boot()
#14 /var/www/html/vue-laravel/learn-vue/vendor/laravel/framework/src/Illuminate/Container/Util.php(40): Illuminate\\Container\\BoundMethod::Illuminate\\Container\\{closure}()
#15 /var/www/html/vue-laravel/learn-vue/vendor/laravel/framework/src/Illuminate/Container/BoundMethod.php(93): Illuminate\\Container\\Util::unwrapIfClosure()
#16 /var/www/html/vue-laravel/learn-vue/vendor/laravel/framework/src/Illuminate/Container/BoundMethod.php(37): Illuminate\\Container\\BoundMethod::callBoundMethod()
#17 /var/www/html/vue-laravel/learn-vue/vendor/laravel/framework/src/Illuminate/Container/Container.php(611): Illuminate\\Container\\BoundMethod::call()
#18 /var/www/html/vue-laravel/learn-vue/vendor/laravel/framework/src/Illuminate/Foundation/Application.php(914): Illuminate\\Container\\Container->call()
#19 /var/www/html/vue-laravel/learn-vue/vendor/laravel/framework/src/Illuminate/Foundation/Application.php(895): Illuminate\\Foundation\\Application->bootProvider()
#20 [internal function]: Illuminate\\Foundation\\Application->Illuminate\\Foundation\\{closure}()
#21 /var/www/html/vue-laravel/learn-vue/vendor/laravel/framework/src/Illuminate/Foundation/Application.php(896): array_walk()
#22 /var/www/html/vue-laravel/learn-vue/vendor/laravel/framework/src/Illuminate/Foundation/Bootstrap/BootProviders.php(17): Illuminate\\Foundation\\Application->boot()
#23 /var/www/html/vue-laravel/learn-vue/vendor/laravel/framework/src/Illuminate/Foundation/Application.php(237): Illuminate\\Foundation\\Bootstrap\\BootProviders->bootstrap()
#24 /var/www/html/vue-laravel/learn-vue/vendor/laravel/framework/src/Illuminate/Foundation/Console/Kernel.php(310): Illuminate\\Foundation\\Application->bootstrapWith()
#25 /var/www/html/vue-laravel/learn-vue/vendor/laravel/framework/src/Illuminate/Foundation/Console/Kernel.php(127): Illuminate\\Foundation\\Console\\Kernel->bootstrap()
#26 /var/www/html/vue-laravel/learn-vue/artisan(37): Illuminate\\Foundation\\Console\\Kernel->handle()
#27 {main}
"} 
[2021-03-24 04:58:11] local.ERROR: Please provide a valid cache path. {"exception":"[object] (InvalidArgumentException(code: 0): Please provide a valid cache path. at /var/www/html/vue-laravel/learn-vue/vendor/laravel/framework/src/Illuminate/View/Compilers/Compiler.php:36)
[stacktrace]
#0 /var/www/html/vue-laravel/learn-vue/vendor/laravel/framework/src/Illuminate/View/ViewServiceProvider.php(88): Illuminate\\View\\Compilers\\Compiler->__construct()
#1 /var/www/html/vue-laravel/learn-vue/vendor/laravel/framework/src/Illuminate/Container/Container.php(829): Illuminate\\View\\ViewServiceProvider->Illuminate\\View\\{closure}()
#2 /var/www/html/vue-laravel/learn-vue/vendor/laravel/framework/src/Illuminate/Container/Container.php(714): Illuminate\\Container\\Container->build()
#3 /var/www/html/vue-laravel/learn-vue/vendor/laravel/framework/src/Illuminate/Foundation/Application.php(841): Illuminate\\Container\\Container->resolve()
#4 /var/www/html/vue-laravel/learn-vue/vendor/laravel/framework/src/Illuminate/Container/Container.php(652): Illuminate\\Foundation\\Application->resolve()
#5 /var/www/html/vue-laravel/learn-vue/vendor/laravel/framework/src/Illuminate/Foundation/Application.php(826): Illuminate\\Container\\Container->make()
#6 /var/www/html/vue-laravel/learn-vue/vendor/laravel/framework/src/Illuminate/Container/Container.php(1365): Illuminate\\Foundation\\Application->make()
#7 /var/www/html/vue-laravel/learn-vue/vendor/laravel/framework/src/Illuminate/View/ViewServiceProvider.php(150): Illuminate\\Container\\Container->offsetGet()
#8 [internal function]: Illuminate\\View\\ViewServiceProvider->Illuminate\\View\\{closure}()
#9 /var/www/html/vue-laravel/learn-vue/vendor/laravel/framework/src/Illuminate/View/Engines/EngineResolver.php(55): call_user_func()
#10 /var/www/html/vue-laravel/learn-vue/vendor/facade/ignition/src/IgnitionServiceProvider.php(415): Illuminate\\View\\Engines\\EngineResolver->resolve()
#11 /var/www/html/vue-laravel/learn-vue/vendor/facade/ignition/src/IgnitionServiceProvider.php(138): Facade\\Ignition\\IgnitionServiceProvider->hasCustomViewEnginesRegistered()
#12 /var/www/html/vue-laravel/learn-vue/vendor/facade/ignition/src/IgnitionServiceProvider.php(88): Facade\\Ignition\\IgnitionServiceProvider->registerViewEngines()
#13 /var/www/html/vue-laravel/learn-vue/vendor/laravel/framework/src/Illuminate/Container/BoundMethod.php(36): Facade\\Ignition\\IgnitionServiceProvider->boot()
#14 /var/www/html/vue-laravel/learn-vue/vendor/laravel/framework/src/Illuminate/Container/Util.php(40): Illuminate\\Container\\BoundMethod::Illuminate\\Container\\{closure}()
#15 /var/www/html/vue-laravel/learn-vue/vendor/laravel/framework/src/Illuminate/Container/BoundMethod.php(93): Illuminate\\Container\\Util::unwrapIfClosure()
#16 /var/www/html/vue-laravel/learn-vue/vendor/laravel/framework/src/Illuminate/Container/BoundMethod.php(37): Illuminate\\Container\\BoundMethod::callBoundMethod()
#17 /var/www/html/vue-laravel/learn-vue/vendor/laravel/framework/src/Illuminate/Container/Container.php(611): Illuminate\\Container\\BoundMethod::call()
#18 /var/www/html/vue-laravel/learn-vue/vendor/laravel/framework/src/Illuminate/Foundation/Application.php(914): Illuminate\\Container\\Container->call()
#19 /var/www/html/vue-laravel/learn-vue/vendor/laravel/framework/src/Illuminate/Foundation/Application.php(895): Illuminate\\Foundation\\Application->bootProvider()
#20 [internal function]: Illuminate\\Foundation\\Application->Illuminate\\Foundation\\{closure}()
#21 /var/www/html/vue-laravel/learn-vue/vendor/laravel/framework/src/Illuminate/Foundation/Application.php(896): array_walk()
#22 /var/www/html/vue-laravel/learn-vue/vendor/laravel/framework/src/Illuminate/Foundation/Bootstrap/BootProviders.php(17): Illuminate\\Foundation\\Application->boot()
#23 /var/www/html/vue-laravel/learn-vue/vendor/laravel/framework/src/Illuminate/Foundation/Application.php(237): Illuminate\\Foundation\\Bootstrap\\BootProviders->bootstrap()
#24 /var/www/html/vue-laravel/learn-vue/vendor/laravel/framework/src/Illuminate/Foundation/Console/Kernel.php(310): Illuminate\\Foundation\\Application->bootstrapWith()
#25 /var/www/html/vue-laravel/learn-vue/vendor/laravel/framework/src/Illuminate/Foundation/Console/Kernel.php(127): Illuminate\\Foundation\\Console\\Kernel->bootstrap()
#26 /var/www/html/vue-laravel/learn-vue/artisan(37): Illuminate\\Foundation\\Console\\Kernel->handle()
#27 {main}
"} 
[2021-03-24 06:29:54] local.ERROR: Please provide a valid cache path. {"exception":"[object] (InvalidArgumentException(code: 0): Please provide a valid cache path. at /var/www/html/vue-laravel/learn-vue/vendor/laravel/framework/src/Illuminate/View/Compilers/Compiler.php:36)
[stacktrace]
#0 /var/www/html/vue-laravel/learn-vue/vendor/laravel/framework/src/Illuminate/View/ViewServiceProvider.php(88): Illuminate\\View\\Compilers\\Compiler->__construct()
#1 /var/www/html/vue-laravel/learn-vue/vendor/laravel/framework/src/Illuminate/Container/Container.php(829): Illuminate\\View\\ViewServiceProvider->Illuminate\\View\\{closure}()
#2 /var/www/html/vue-laravel/learn-vue/vendor/laravel/framework/src/Illuminate/Container/Container.php(714): Illuminate\\Container\\Container->build()
#3 /var/www/html/vue-laravel/learn-vue/vendor/laravel/framework/src/Illuminate/Foundation/Application.php(841): Illuminate\\Container\\Container->resolve()
#4 /var/www/html/vue-laravel/learn-vue/vendor/laravel/framework/src/Illuminate/Container/Container.php(652): Illuminate\\Foundation\\Application->resolve()
#5 /var/www/html/vue-laravel/learn-vue/vendor/laravel/framework/src/Illuminate/Foundation/Application.php(826): Illuminate\\Container\\Container->make()
#6 /var/www/html/vue-laravel/learn-vue/vendor/laravel/framework/src/Illuminate/Container/Container.php(1365): Illuminate\\Foundation\\Application->make()
#7 /var/www/html/vue-laravel/learn-vue/vendor/laravel/framework/src/Illuminate/View/ViewServiceProvider.php(150): Illuminate\\Container\\Container->offsetGet()
#8 [internal function]: Illuminate\\View\\ViewServiceProvider->Illuminate\\View\\{closure}()
#9 /var/www/html/vue-laravel/learn-vue/vendor/laravel/framework/src/Illuminate/View/Engines/EngineResolver.php(55): call_user_func()
#10 /var/www/html/vue-laravel/learn-vue/vendor/facade/ignition/src/IgnitionServiceProvider.php(415): Illuminate\\View\\Engines\\EngineResolver->resolve()
#11 /var/www/html/vue-laravel/learn-vue/vendor/facade/ignition/src/IgnitionServiceProvider.php(138): Facade\\Ignition\\IgnitionServiceProvider->hasCustomViewEnginesRegistered()
#12 /var/www/html/vue-laravel/learn-vue/vendor/facade/ignition/src/IgnitionServiceProvider.php(88): Facade\\Ignition\\IgnitionServiceProvider->registerViewEngines()
#13 /var/www/html/vue-laravel/learn-vue/vendor/laravel/framework/src/Illuminate/Container/BoundMethod.php(36): Facade\\Ignition\\IgnitionServiceProvider->boot()
#14 /var/www/html/vue-laravel/learn-vue/vendor/laravel/framework/src/Illuminate/Container/Util.php(40): Illuminate\\Container\\BoundMethod::Illuminate\\Container\\{closure}()
#15 /var/www/html/vue-laravel/learn-vue/vendor/laravel/framework/src/Illuminate/Container/BoundMethod.php(93): Illuminate\\Container\\Util::unwrapIfClosure()
#16 /var/www/html/vue-laravel/learn-vue/vendor/laravel/framework/src/Illuminate/Container/BoundMethod.php(37): Illuminate\\Container\\BoundMethod::callBoundMethod()
#17 /var/www/html/vue-laravel/learn-vue/vendor/laravel/framework/src/Illuminate/Container/Container.php(611): Illuminate\\Container\\BoundMethod::call()
#18 /var/www/html/vue-laravel/learn-vue/vendor/laravel/framework/src/Illuminate/Foundation/Application.php(914): Illuminate\\Container\\Container->call()
#19 /var/www/html/vue-laravel/learn-vue/vendor/laravel/framework/src/Illuminate/Foundation/Application.php(895): Illuminate\\Foundation\\Application->bootProvider()
#20 [internal function]: Illuminate\\Foundation\\Application->Illuminate\\Foundation\\{closure}()
#21 /var/www/html/vue-laravel/learn-vue/vendor/laravel/framework/src/Illuminate/Foundation/Application.php(896): array_walk()
#22 /var/www/html/vue-laravel/learn-vue/vendor/laravel/framework/src/Illuminate/Foundation/Bootstrap/BootProviders.php(17): Illuminate\\Foundation\\Application->boot()
#23 /var/www/html/vue-laravel/learn-vue/vendor/laravel/framework/src/Illuminate/Foundation/Application.php(237): Illuminate\\Foundation\\Bootstrap\\BootProviders->bootstrap()
#24 /var/www/html/vue-laravel/learn-vue/vendor/laravel/framework/src/Illuminate/Foundation/Console/Kernel.php(310): Illuminate\\Foundation\\Application->bootstrapWith()
#25 /var/www/html/vue-laravel/learn-vue/vendor/laravel/framework/src/Illuminate/Foundation/Console/Kernel.php(127): Illuminate\\Foundation\\Console\\Kernel->bootstrap()
#26 /var/www/html/vue-laravel/learn-vue/artisan(37): Illuminate\\Foundation\\Console\\Kernel->handle()
#27 {main}
"} 
[2021-03-24 06:32:50] local.ERROR: Please provide a valid cache path. {"exception":"[object] (InvalidArgumentException(code: 0): Please provide a valid cache path. at /var/www/html/vue-laravel/learn-vue/vendor/laravel/framework/src/Illuminate/View/Compilers/Compiler.php:36)
[stacktrace]
#0 /var/www/html/vue-laravel/learn-vue/vendor/laravel/framework/src/Illuminate/View/ViewServiceProvider.php(88): Illuminate\\View\\Compilers\\Compiler->__construct()
#1 /var/www/html/vue-laravel/learn-vue/vendor/laravel/framework/src/Illuminate/Container/Container.php(829): Illuminate\\View\\ViewServiceProvider->Illuminate\\View\\{closure}()
#2 /var/www/html/vue-laravel/learn-vue/vendor/laravel/framework/src/Illuminate/Container/Container.php(714): Illuminate\\Container\\Container->build()
#3 /var/www/html/vue-laravel/learn-vue/vendor/laravel/framework/src/Illuminate/Foundation/Application.php(841): Illuminate\\Container\\Container->resolve()
#4 /var/www/html/vue-laravel/learn-vue/vendor/laravel/framework/src/Illuminate/Container/Container.php(652): Illuminate\\Foundation\\Application->resolve()
#5 /var/www/html/vue-laravel/learn-vue/vendor/laravel/framework/src/Illuminate/Foundation/Application.php(826): Illuminate\\Container\\Container->make()
#6 /var/www/html/vue-laravel/learn-vue/vendor/laravel/framework/src/Illuminate/Container/Container.php(1365): Illuminate\\Foundation\\Application->make()
#7 /var/www/html/vue-laravel/learn-vue/vendor/laravel/framework/src/Illuminate/View/ViewServiceProvider.php(150): Illuminate\\Container\\Container->offsetGet()
#8 [internal function]: Illuminate\\View\\ViewServiceProvider->Illuminate\\View\\{closure}()
#9 /var/www/html/vue-laravel/learn-vue/vendor/laravel/framework/src/Illuminate/View/Engines/EngineResolver.php(55): call_user_func()
#10 /var/www/html/vue-laravel/learn-vue/vendor/facade/ignition/src/IgnitionServiceProvider.php(415): Illuminate\\View\\Engines\\EngineResolver->resolve()
#11 /var/www/html/vue-laravel/learn-vue/vendor/facade/ignition/src/IgnitionServiceProvider.php(138): Facade\\Ignition\\IgnitionServiceProvider->hasCustomViewEnginesRegistered()
#12 /var/www/html/vue-laravel/learn-vue/vendor/facade/ignition/src/IgnitionServiceProvider.php(88): Facade\\Ignition\\IgnitionServiceProvider->registerViewEngines()
#13 /var/www/html/vue-laravel/learn-vue/vendor/laravel/framework/src/Illuminate/Container/BoundMethod.php(36): Facade\\Ignition\\IgnitionServiceProvider->boot()
#14 /var/www/html/vue-laravel/learn-vue/vendor/laravel/framework/src/Illuminate/Container/Util.php(40): Illuminate\\Container\\BoundMethod::Illuminate\\Container\\{closure}()
#15 /var/www/html/vue-laravel/learn-vue/vendor/laravel/framework/src/Illuminate/Container/BoundMethod.php(93): Illuminate\\Container\\Util::unwrapIfClosure()
#16 /var/www/html/vue-laravel/learn-vue/vendor/laravel/framework/src/Illuminate/Container/BoundMethod.php(37): Illuminate\\Container\\BoundMethod::callBoundMethod()
#17 /var/www/html/vue-laravel/learn-vue/vendor/laravel/framework/src/Illuminate/Container/Container.php(611): Illuminate\\Container\\BoundMethod::call()
#18 /var/www/html/vue-laravel/learn-vue/vendor/laravel/framework/src/Illuminate/Foundation/Application.php(914): Illuminate\\Container\\Container->call()
#19 /var/www/html/vue-laravel/learn-vue/vendor/laravel/framework/src/Illuminate/Foundation/Application.php(895): Illuminate\\Foundation\\Application->bootProvider()
#20 [internal function]: Illuminate\\Foundation\\Application->Illuminate\\Foundation\\{closure}()
#21 /var/www/html/vue-laravel/learn-vue/vendor/laravel/framework/src/Illuminate/Foundation/Application.php(896): array_walk()
#22 /var/www/html/vue-laravel/learn-vue/vendor/laravel/framework/src/Illuminate/Foundation/Bootstrap/BootProviders.php(17): Illuminate\\Foundation\\Application->boot()
#23 /var/www/html/vue-laravel/learn-vue/vendor/laravel/framework/src/Illuminate/Foundation/Application.php(237): Illuminate\\Foundation\\Bootstrap\\BootProviders->bootstrap()
#24 /var/www/html/vue-laravel/learn-vue/vendor/laravel/framework/src/Illuminate/Foundation/Console/Kernel.php(310): Illuminate\\Foundation\\Application->bootstrapWith()
#25 /var/www/html/vue-laravel/learn-vue/vendor/laravel/framework/src/Illuminate/Foundation/Console/Kernel.php(127): Illuminate\\Foundation\\Console\\Kernel->bootstrap()
#26 /var/www/html/vue-laravel/learn-vue/artisan(37): Illuminate\\Foundation\\Console\\Kernel->handle()
#27 {main}
"} 
[2021-03-24 06:35:43] local.ERROR: Please provide a valid cache path. {"exception":"[object] (InvalidArgumentException(code: 0): Please provide a valid cache path. at /var/www/html/vue-laravel/learn-vue/vendor/laravel/framework/src/Illuminate/View/Compilers/Compiler.php:36)
[stacktrace]
#0 /var/www/html/vue-laravel/learn-vue/vendor/laravel/framework/src/Illuminate/View/ViewServiceProvider.php(88): Illuminate\\View\\Compilers\\Compiler->__construct()
#1 /var/www/html/vue-laravel/learn-vue/vendor/laravel/framework/src/Illuminate/Container/Container.php(829): Illuminate\\View\\ViewServiceProvider->Illuminate\\View\\{closure}()
#2 /var/www/html/vue-laravel/learn-vue/vendor/laravel/framework/src/Illuminate/Container/Container.php(714): Illuminate\\Container\\Container->build()
#3 /var/www/html/vue-laravel/learn-vue/vendor/laravel/framework/src/Illuminate/Foundation/Application.php(841): Illuminate\\Container\\Container->resolve()
#4 /var/www/html/vue-laravel/learn-vue/vendor/laravel/framework/src/Illuminate/Container/Container.php(652): Illuminate\\Foundation\\Application->resolve()
#5 /var/www/html/vue-laravel/learn-vue/vendor/laravel/framework/src/Illuminate/Foundation/Application.php(826): Illuminate\\Container\\Container->make()
#6 /var/www/html/vue-laravel/learn-vue/vendor/laravel/framework/src/Illuminate/Container/Container.php(1365): Illuminate\\Foundation\\Application->make()
#7 /var/www/html/vue-laravel/learn-vue/vendor/laravel/framework/src/Illuminate/View/ViewServiceProvider.php(150): Illuminate\\Container\\Container->offsetGet()
#8 [internal function]: Illuminate\\View\\ViewServiceProvider->Illuminate\\View\\{closure}()
#9 /var/www/html/vue-laravel/learn-vue/vendor/laravel/framework/src/Illuminate/View/Engines/EngineResolver.php(55): call_user_func()
#10 /var/www/html/vue-laravel/learn-vue/vendor/facade/ignition/src/IgnitionServiceProvider.php(415): Illuminate\\View\\Engines\\EngineResolver->resolve()
#11 /var/www/html/vue-laravel/learn-vue/vendor/facade/ignition/src/IgnitionServiceProvider.php(138): Facade\\Ignition\\IgnitionServiceProvider->hasCustomViewEnginesRegistered()
#12 /var/www/html/vue-laravel/learn-vue/vendor/facade/ignition/src/IgnitionServiceProvider.php(88): Facade\\Ignition\\IgnitionServiceProvider->registerViewEngines()
#13 /var/www/html/vue-laravel/learn-vue/vendor/laravel/framework/src/Illuminate/Container/BoundMethod.php(36): Facade\\Ignition\\IgnitionServiceProvider->boot()
#14 /var/www/html/vue-laravel/learn-vue/vendor/laravel/framework/src/Illuminate/Container/Util.php(40): Illuminate\\Container\\BoundMethod::Illuminate\\Container\\{closure}()
#15 /var/www/html/vue-laravel/learn-vue/vendor/laravel/framework/src/Illuminate/Container/BoundMethod.php(93): Illuminate\\Container\\Util::unwrapIfClosure()
#16 /var/www/html/vue-laravel/learn-vue/vendor/laravel/framework/src/Illuminate/Container/BoundMethod.php(37): Illuminate\\Container\\BoundMethod::callBoundMethod()
#17 /var/www/html/vue-laravel/learn-vue/vendor/laravel/framework/src/Illuminate/Container/Container.php(611): Illuminate\\Container\\BoundMethod::call()
#18 /var/www/html/vue-laravel/learn-vue/vendor/laravel/framework/src/Illuminate/Foundation/Application.php(914): Illuminate\\Container\\Container->call()
#19 /var/www/html/vue-laravel/learn-vue/vendor/laravel/framework/src/Illuminate/Foundation/Application.php(895): Illuminate\\Foundation\\Application->bootProvider()
#20 [internal function]: Illuminate\\Foundation\\Application->Illuminate\\Foundation\\{closure}()
#21 /var/www/html/vue-laravel/learn-vue/vendor/laravel/framework/src/Illuminate/Foundation/Application.php(896): array_walk()
#22 /var/www/html/vue-laravel/learn-vue/vendor/laravel/framework/src/Illuminate/Foundation/Bootstrap/BootProviders.php(17): Illuminate\\Foundation\\Application->boot()
#23 /var/www/html/vue-laravel/learn-vue/vendor/laravel/framework/src/Illuminate/Foundation/Application.php(237): Illuminate\\Foundation\\Bootstrap\\BootProviders->bootstrap()
#24 /var/www/html/vue-laravel/learn-vue/vendor/laravel/framework/src/Illuminate/Foundation/Console/Kernel.php(310): Illuminate\\Foundation\\Application->bootstrapWith()
#25 /var/www/html/vue-laravel/learn-vue/vendor/laravel/framework/src/Illuminate/Foundation/Console/Kernel.php(127): Illuminate\\Foundation\\Console\\Kernel->bootstrap()
#26 /var/www/html/vue-laravel/learn-vue/artisan(37): Illuminate\\Foundation\\Console\\Kernel->handle()
#27 {main}
"} 
[2021-03-24 06:36:17] local.ERROR: Please provide a valid cache path. {"exception":"[object] (InvalidArgumentException(code: 0): Please provide a valid cache path. at /var/www/html/vue-laravel/learn-vue/vendor/laravel/framework/src/Illuminate/View/Compilers/Compiler.php:36)
[stacktrace]
#0 /var/www/html/vue-laravel/learn-vue/vendor/laravel/framework/src/Illuminate/View/ViewServiceProvider.php(88): Illuminate\\View\\Compilers\\Compiler->__construct()
#1 /var/www/html/vue-laravel/learn-vue/vendor/laravel/framework/src/Illuminate/Container/Container.php(829): Illuminate\\View\\ViewServiceProvider->Illuminate\\View\\{closure}()
#2 /var/www/html/vue-laravel/learn-vue/vendor/laravel/framework/src/Illuminate/Container/Container.php(714): Illuminate\\Container\\Container->build()
#3 /var/www/html/vue-laravel/learn-vue/vendor/laravel/framework/src/Illuminate/Foundation/Application.php(841): Illuminate\\Container\\Container->resolve()
#4 /var/www/html/vue-laravel/learn-vue/vendor/laravel/framework/src/Illuminate/Container/Container.php(652): Illuminate\\Foundation\\Application->resolve()
#5 /var/www/html/vue-laravel/learn-vue/vendor/laravel/framework/src/Illuminate/Foundation/Application.php(826): Illuminate\\Container\\Container->make()
#6 /var/www/html/vue-laravel/learn-vue/vendor/laravel/framework/src/Illuminate/Container/Container.php(1365): Illuminate\\Foundation\\Application->make()
#7 /var/www/html/vue-laravel/learn-vue/vendor/laravel/framework/src/Illuminate/View/ViewServiceProvider.php(150): Illuminate\\Container\\Container->offsetGet()
#8 [internal function]: Illuminate\\View\\ViewServiceProvider->Illuminate\\View\\{closure}()
#9 /var/www/html/vue-laravel/learn-vue/vendor/laravel/framework/src/Illuminate/View/Engines/EngineResolver.php(55): call_user_func()
#10 /var/www/html/vue-laravel/learn-vue/vendor/facade/ignition/src/IgnitionServiceProvider.php(415): Illuminate\\View\\Engines\\EngineResolver->resolve()
#11 /var/www/html/vue-laravel/learn-vue/vendor/facade/ignition/src/IgnitionServiceProvider.php(138): Facade\\Ignition\\IgnitionServiceProvider->hasCustomViewEnginesRegistered()
#12 /var/www/html/vue-laravel/learn-vue/vendor/facade/ignition/src/IgnitionServiceProvider.php(88): Facade\\Ignition\\IgnitionServiceProvider->registerViewEngines()
#13 /var/www/html/vue-laravel/learn-vue/vendor/laravel/framework/src/Illuminate/Container/BoundMethod.php(36): Facade\\Ignition\\IgnitionServiceProvider->boot()
#14 /var/www/html/vue-laravel/learn-vue/vendor/laravel/framework/src/Illuminate/Container/Util.php(40): Illuminate\\Container\\BoundMethod::Illuminate\\Container\\{closure}()
#15 /var/www/html/vue-laravel/learn-vue/vendor/laravel/framework/src/Illuminate/Container/BoundMethod.php(93): Illuminate\\Container\\Util::unwrapIfClosure()
#16 /var/www/html/vue-laravel/learn-vue/vendor/laravel/framework/src/Illuminate/Container/BoundMethod.php(37): Illuminate\\Container\\BoundMethod::callBoundMethod()
#17 /var/www/html/vue-laravel/learn-vue/vendor/laravel/framework/src/Illuminate/Container/Container.php(611): Illuminate\\Container\\BoundMethod::call()
#18 /var/www/html/vue-laravel/learn-vue/vendor/laravel/framework/src/Illuminate/Foundation/Application.php(914): Illuminate\\Container\\Container->call()
#19 /var/www/html/vue-laravel/learn-vue/vendor/laravel/framework/src/Illuminate/Foundation/Application.php(895): Illuminate\\Foundation\\Application->bootProvider()
#20 [internal function]: Illuminate\\Foundation\\Application->Illuminate\\Foundation\\{closure}()
#21 /var/www/html/vue-laravel/learn-vue/vendor/laravel/framework/src/Illuminate/Foundation/Application.php(896): array_walk()
#22 /var/www/html/vue-laravel/learn-vue/vendor/laravel/framework/src/Illuminate/Foundation/Bootstrap/BootProviders.php(17): Illuminate\\Foundation\\Application->boot()
#23 /var/www/html/vue-laravel/learn-vue/vendor/laravel/framework/src/Illuminate/Foundation/Application.php(237): Illuminate\\Foundation\\Bootstrap\\BootProviders->bootstrap()
#24 /var/www/html/vue-laravel/learn-vue/vendor/laravel/framework/src/Illuminate/Foundation/Console/Kernel.php(310): Illuminate\\Foundation\\Application->bootstrapWith()
#25 /var/www/html/vue-laravel/learn-vue/vendor/laravel/framework/src/Illuminate/Foundation/Console/Kernel.php(127): Illuminate\\Foundation\\Console\\Kernel->bootstrap()
#26 /var/www/html/vue-laravel/learn-vue/artisan(37): Illuminate\\Foundation\\Console\\Kernel->handle()
#27 {main}
"} 
[2021-03-24 06:36:28] local.ERROR: Please provide a valid cache path. {"exception":"[object] (InvalidArgumentException(code: 0): Please provide a valid cache path. at /var/www/html/vue-laravel/learn-vue/vendor/laravel/framework/src/Illuminate/View/Compilers/Compiler.php:36)
[stacktrace]
#0 /var/www/html/vue-laravel/learn-vue/vendor/laravel/framework/src/Illuminate/View/ViewServiceProvider.php(88): Illuminate\\View\\Compilers\\Compiler->__construct()
#1 /var/www/html/vue-laravel/learn-vue/vendor/laravel/framework/src/Illuminate/Container/Container.php(829): Illuminate\\View\\ViewServiceProvider->Illuminate\\View\\{closure}()
#2 /var/www/html/vue-laravel/learn-vue/vendor/laravel/framework/src/Illuminate/Container/Container.php(714): Illuminate\\Container\\Container->build()
#3 /var/www/html/vue-laravel/learn-vue/vendor/laravel/framework/src/Illuminate/Foundation/Application.php(841): Illuminate\\Container\\Container->resolve()
#4 /var/www/html/vue-laravel/learn-vue/vendor/laravel/framework/src/Illuminate/Container/Container.php(652): Illuminate\\Foundation\\Application->resolve()
#5 /var/www/html/vue-laravel/learn-vue/vendor/laravel/framework/src/Illuminate/Foundation/Application.php(826): Illuminate\\Container\\Container->make()
#6 /var/www/html/vue-laravel/learn-vue/vendor/laravel/framework/src/Illuminate/Container/Container.php(1365): Illuminate\\Foundation\\Application->make()
#7 /var/www/html/vue-laravel/learn-vue/vendor/laravel/framework/src/Illuminate/View/ViewServiceProvider.php(150): Illuminate\\Container\\Container->offsetGet()
#8 [internal function]: Illuminate\\View\\ViewServiceProvider->Illuminate\\View\\{closure}()
#9 /var/www/html/vue-laravel/learn-vue/vendor/laravel/framework/src/Illuminate/View/Engines/EngineResolver.php(55): call_user_func()
#10 /var/www/html/vue-laravel/learn-vue/vendor/facade/ignition/src/IgnitionServiceProvider.php(415): Illuminate\\View\\Engines\\EngineResolver->resolve()
#11 /var/www/html/vue-laravel/learn-vue/vendor/facade/ignition/src/IgnitionServiceProvider.php(138): Facade\\Ignition\\IgnitionServiceProvider->hasCustomViewEnginesRegistered()
#12 /var/www/html/vue-laravel/learn-vue/vendor/facade/ignition/src/IgnitionServiceProvider.php(88): Facade\\Ignition\\IgnitionServiceProvider->registerViewEngines()
#13 /var/www/html/vue-laravel/learn-vue/vendor/laravel/framework/src/Illuminate/Container/BoundMethod.php(36): Facade\\Ignition\\IgnitionServiceProvider->boot()
#14 /var/www/html/vue-laravel/learn-vue/vendor/laravel/framework/src/Illuminate/Container/Util.php(40): Illuminate\\Container\\BoundMethod::Illuminate\\Container\\{closure}()
#15 /var/www/html/vue-laravel/learn-vue/vendor/laravel/framework/src/Illuminate/Container/BoundMethod.php(93): Illuminate\\Container\\Util::unwrapIfClosure()
#16 /var/www/html/vue-laravel/learn-vue/vendor/laravel/framework/src/Illuminate/Container/BoundMethod.php(37): Illuminate\\Container\\BoundMethod::callBoundMethod()
#17 /var/www/html/vue-laravel/learn-vue/vendor/laravel/framework/src/Illuminate/Container/Container.php(611): Illuminate\\Container\\BoundMethod::call()
#18 /var/www/html/vue-laravel/learn-vue/vendor/laravel/framework/src/Illuminate/Foundation/Application.php(914): Illuminate\\Container\\Container->call()
#19 /var/www/html/vue-laravel/learn-vue/vendor/laravel/framework/src/Illuminate/Foundation/Application.php(895): Illuminate\\Foundation\\Application->bootProvider()
#20 [internal function]: Illuminate\\Foundation\\Application->Illuminate\\Foundation\\{closure}()
#21 /var/www/html/vue-laravel/learn-vue/vendor/laravel/framework/src/Illuminate/Foundation/Application.php(896): array_walk()
#22 /var/www/html/vue-laravel/learn-vue/vendor/laravel/framework/src/Illuminate/Foundation/Bootstrap/BootProviders.php(17): Illuminate\\Foundation\\Application->boot()
#23 /var/www/html/vue-laravel/learn-vue/vendor/laravel/framework/src/Illuminate/Foundation/Application.php(237): Illuminate\\Foundation\\Bootstrap\\BootProviders->bootstrap()
#24 /var/www/html/vue-laravel/learn-vue/vendor/laravel/framework/src/Illuminate/Foundation/Console/Kernel.php(310): Illuminate\\Foundation\\Application->bootstrapWith()
#25 /var/www/html/vue-laravel/learn-vue/vendor/laravel/framework/src/Illuminate/Foundation/Console/Kernel.php(127): Illuminate\\Foundation\\Console\\Kernel->bootstrap()
#26 /var/www/html/vue-laravel/learn-vue/artisan(37): Illuminate\\Foundation\\Console\\Kernel->handle()
#27 {main}
"} 
[2021-03-24 06:37:00] local.ERROR: Please provide a valid cache path. {"exception":"[object] (InvalidArgumentException(code: 0): Please provide a valid cache path. at /var/www/html/vue-laravel/learn-vue/vendor/laravel/framework/src/Illuminate/View/Compilers/Compiler.php:36)
[stacktrace]
#0 /var/www/html/vue-laravel/learn-vue/vendor/laravel/framework/src/Illuminate/View/ViewServiceProvider.php(88): Illuminate\\View\\Compilers\\Compiler->__construct()
#1 /var/www/html/vue-laravel/learn-vue/vendor/laravel/framework/src/Illuminate/Container/Container.php(829): Illuminate\\View\\ViewServiceProvider->Illuminate\\View\\{closure}()
#2 /var/www/html/vue-laravel/learn-vue/vendor/laravel/framework/src/Illuminate/Container/Container.php(714): Illuminate\\Container\\Container->build()
#3 /var/www/html/vue-laravel/learn-vue/vendor/laravel/framework/src/Illuminate/Foundation/Application.php(841): Illuminate\\Container\\Container->resolve()
#4 /var/www/html/vue-laravel/learn-vue/vendor/laravel/framework/src/Illuminate/Container/Container.php(652): Illuminate\\Foundation\\Application->resolve()
#5 /var/www/html/vue-laravel/learn-vue/vendor/laravel/framework/src/Illuminate/Foundation/Application.php(826): Illuminate\\Container\\Container->make()
#6 /var/www/html/vue-laravel/learn-vue/vendor/laravel/framework/src/Illuminate/Container/Container.php(1365): Illuminate\\Foundation\\Application->make()
#7 /var/www/html/vue-laravel/learn-vue/vendor/laravel/framework/src/Illuminate/View/ViewServiceProvider.php(150): Illuminate\\Container\\Container->offsetGet()
#8 [internal function]: Illuminate\\View\\ViewServiceProvider->Illuminate\\View\\{closure}()
#9 /var/www/html/vue-laravel/learn-vue/vendor/laravel/framework/src/Illuminate/View/Engines/EngineResolver.php(55): call_user_func()
#10 /var/www/html/vue-laravel/learn-vue/vendor/facade/ignition/src/IgnitionServiceProvider.php(415): Illuminate\\View\\Engines\\EngineResolver->resolve()
#11 /var/www/html/vue-laravel/learn-vue/vendor/facade/ignition/src/IgnitionServiceProvider.php(138): Facade\\Ignition\\IgnitionServiceProvider->hasCustomViewEnginesRegistered()
#12 /var/www/html/vue-laravel/learn-vue/vendor/facade/ignition/src/IgnitionServiceProvider.php(88): Facade\\Ignition\\IgnitionServiceProvider->registerViewEngines()
#13 /var/www/html/vue-laravel/learn-vue/vendor/laravel/framework/src/Illuminate/Container/BoundMethod.php(36): Facade\\Ignition\\IgnitionServiceProvider->boot()
#14 /var/www/html/vue-laravel/learn-vue/vendor/laravel/framework/src/Illuminate/Container/Util.php(40): Illuminate\\Container\\BoundMethod::Illuminate\\Container\\{closure}()
#15 /var/www/html/vue-laravel/learn-vue/vendor/laravel/framework/src/Illuminate/Container/BoundMethod.php(93): Illuminate\\Container\\Util::unwrapIfClosure()
#16 /var/www/html/vue-laravel/learn-vue/vendor/laravel/framework/src/Illuminate/Container/BoundMethod.php(37): Illuminate\\Container\\BoundMethod::callBoundMethod()
#17 /var/www/html/vue-laravel/learn-vue/vendor/laravel/framework/src/Illuminate/Container/Container.php(611): Illuminate\\Container\\BoundMethod::call()
#18 /var/www/html/vue-laravel/learn-vue/vendor/laravel/framework/src/Illuminate/Foundation/Application.php(914): Illuminate\\Container\\Container->call()
#19 /var/www/html/vue-laravel/learn-vue/vendor/laravel/framework/src/Illuminate/Foundation/Application.php(895): Illuminate\\Foundation\\Application->bootProvider()
#20 [internal function]: Illuminate\\Foundation\\Application->Illuminate\\Foundation\\{closure}()
#21 /var/www/html/vue-laravel/learn-vue/vendor/laravel/framework/src/Illuminate/Foundation/Application.php(896): array_walk()
#22 /var/www/html/vue-laravel/learn-vue/vendor/laravel/framework/src/Illuminate/Foundation/Bootstrap/BootProviders.php(17): Illuminate\\Foundation\\Application->boot()
#23 /var/www/html/vue-laravel/learn-vue/vendor/laravel/framework/src/Illuminate/Foundation/Application.php(237): Illuminate\\Foundation\\Bootstrap\\BootProviders->bootstrap()
#24 /var/www/html/vue-laravel/learn-vue/vendor/laravel/framework/src/Illuminate/Foundation/Console/Kernel.php(310): Illuminate\\Foundation\\Application->bootstrapWith()
#25 /var/www/html/vue-laravel/learn-vue/vendor/laravel/framework/src/Illuminate/Foundation/Console/Kernel.php(127): Illuminate\\Foundation\\Console\\Kernel->bootstrap()
#26 /var/www/html/vue-laravel/learn-vue/artisan(37): Illuminate\\Foundation\\Console\\Kernel->handle()
#27 {main}
"} 
